{
  "stats": {
    "suites": 9,
    "tests": 13,
    "passes": 12,
    "pending": 0,
    "failures": 1,
    "testsRegistered": 13,
    "passPercent": 92.3076923076923,
    "pendingPercent": 0,
    "other": 0,
    "hasOther": false,
    "skipped": 0,
    "hasSkipped": false,
    "start": "2024-10-05T03:24:37.594Z",
    "end": "2024-10-05T03:25:41.578Z",
    "duration": 63984
  },
  "results": [
    {
      "uuid": "bff5afda-d36e-4836-9f67-6a3835505918",
      "title": "",
      "fullFile": "cypress/e2e/other/fixtures.js",
      "file": "cypress/e2e/other/fixtures.js",
      "beforeHooks": [],
      "afterHooks": [],
      "tests": [],
      "suites": [
        {
          "uuid": "8a556ba4-8dfd-47cc-a09f-fc4446986fe0",
          "title": "Hooks",
          "fullFile": "",
          "file": "",
          "beforeHooks": [],
          "afterHooks": [],
          "tests": [
            {
              "title": "Should be able to submit a successfull submission via contactus form",
              "fullTitle": "Hooks Should be able to submit a successfull submission via contactus form",
              "timedOut": null,
              "duration": 5465,
              "state": "passed",
              "speed": "medium",
              "pass": true,
              "fail": false,
              "pending": false,
              "context": null,
              "code": "cy.visit(\"https://webdriveruniversity.com\");\ncy.get(\"#contact-us\").invoke(\"removeAttr\", \"target\").click({\n  force: true\n});\ncy.document().should('have.a.property', 'title').and('eq', 'WebDriver | Contact Us');\ncy.title().should(\"include\", \"WebDriver | Contact Us\");\n//below using alias\ncy.get(\"@user\").then(user => {\n  cy.get('[name=\"first_name\"]').type(user.firstName);\n  cy.get('[name=\"last_name\"]').type(user.lastName);\n  cy.get('[name=\"email\"]').type(user.email);\n  cy.get('textarea.feedback-input').type(user.body);\n});\ncy.get('[type=\"submit\"]').click();",
              "err": {},
              "uuid": "beee0936-64f6-4a15-8652-9e3ccfcbcd20",
              "parentUUID": "8a556ba4-8dfd-47cc-a09f-fc4446986fe0",
              "isHook": false,
              "skipped": false
            }
          ],
          "suites": [],
          "passes": [
            "beee0936-64f6-4a15-8652-9e3ccfcbcd20"
          ],
          "failures": [],
          "pending": [],
          "skipped": [],
          "duration": 5465,
          "root": false,
          "rootEmpty": false,
          "_timeout": 2000
        }
      ],
      "passes": [],
      "failures": [],
      "pending": [],
      "skipped": [],
      "duration": 0,
      "root": true,
      "rootEmpty": true,
      "_timeout": 2000
    },
    {
      "uuid": "ef06654a-45fb-4650-b065-9021c8be5e48",
      "title": "",
      "fullFile": "cypress/e2e/other/hooks.js",
      "file": "cypress/e2e/other/hooks.js",
      "beforeHooks": [],
      "afterHooks": [],
      "tests": [],
      "suites": [
        {
          "uuid": "37aca4a3-dec5-4d90-9569-9b21c01ad881",
          "title": "Hooks",
          "fullFile": "",
          "file": "",
          "beforeHooks": [],
          "afterHooks": [],
          "tests": [
            {
              "title": "example test1 ",
              "fullTitle": "Hooks example test1 ",
              "timedOut": null,
              "duration": 25,
              "state": "passed",
              "speed": "fast",
              "pass": true,
              "fail": false,
              "pending": false,
              "context": null,
              "code": "cy.log(\"example 1\");",
              "err": {},
              "uuid": "175f1919-19de-4a8b-8813-587cc36f277f",
              "parentUUID": "37aca4a3-dec5-4d90-9569-9b21c01ad881",
              "isHook": false,
              "skipped": false
            },
            {
              "title": "example test 2 ",
              "fullTitle": "Hooks example test 2 ",
              "timedOut": null,
              "duration": 12,
              "state": "passed",
              "speed": "fast",
              "pass": true,
              "fail": false,
              "pending": false,
              "context": null,
              "code": "cy.log(\"example 2\");",
              "err": {},
              "uuid": "014e71c0-1415-4106-abb4-4789ab39da24",
              "parentUUID": "37aca4a3-dec5-4d90-9569-9b21c01ad881",
              "isHook": false,
              "skipped": false
            }
          ],
          "suites": [],
          "passes": [
            "175f1919-19de-4a8b-8813-587cc36f277f",
            "014e71c0-1415-4106-abb4-4789ab39da24"
          ],
          "failures": [],
          "pending": [],
          "skipped": [],
          "duration": 37,
          "root": false,
          "rootEmpty": false,
          "_timeout": 2000
        }
      ],
      "passes": [],
      "failures": [],
      "pending": [],
      "skipped": [],
      "duration": 0,
      "root": true,
      "rootEmpty": true,
      "_timeout": 2000
    },
    {
      "uuid": "6351d39f-3328-4de8-8f9f-75b1fde5632e",
      "title": "",
      "fullFile": "cypress/e2e/other/sameorigin.js",
      "file": "cypress/e2e/other/sameorigin.js",
      "beforeHooks": [],
      "afterHooks": [],
      "tests": [],
      "suites": [
        {
          "uuid": "cdce0297-d151-429a-9dfc-321bba52eeef",
          "title": "Same origin policy",
          "fullFile": "",
          "file": "",
          "beforeHooks": [],
          "afterHooks": [],
          "tests": [
            {
              "title": "Validate visiting sub domain",
              "fullTitle": "Same origin policy Validate visiting sub domain",
              "timedOut": null,
              "duration": 853,
              "state": "passed",
              "speed": "fast",
              "pass": true,
              "fail": false,
              "pending": false,
              "context": null,
              "code": "cy.visit(\"https://webdriveruniversity.com\");\ncy.get(\"#automation-test-store\").invoke('remove', 'target').click();",
              "err": {},
              "uuid": "045c5df5-888f-45ab-a036-7fbae160e194",
              "parentUUID": "cdce0297-d151-429a-9dfc-321bba52eeef",
              "isHook": false,
              "skipped": false
            },
            {
              "title": "Origin command",
              "fullTitle": "Same origin policy Origin command",
              "timedOut": null,
              "duration": 428,
              "state": "failed",
              "speed": null,
              "pass": false,
              "fail": true,
              "pending": false,
              "context": null,
              "code": "cy.origin(\"webdriveruniversity.com\", () => {\n  cy.visit('/');\n});\ncy.origin(\"automationteststore.com/\", () => {\n  cy.visit('/');\n});",
              "err": {
                "message": "CypressError: `cy.origin()` requires the first argument to be a different domain than top. You passed `webdriveruniversity.com` to the origin command, while top is at `https://webdriveruniversity.com`.\n\nEither the intended page was not visited prior to running the cy.origin block or the cy.origin block may not be needed at all.\n\nhttps://on.cypress.io/origin",
                "estack": "CypressError: `cy.origin()` requires the first argument to be a different domain than top. You passed `webdriveruniversity.com` to the origin command, while top is at `https://webdriveruniversity.com`.\n\nEither the intended page was not visited prior to running the cy.origin block or the cy.origin block may not be needed at all.\n\nhttps://on.cypress.io/origin\n    at Validator.validateLocation (https://webdriveruniversity.com/__cypress/runner/cypress_runner.js:121347:68)\n    at Context.origin (https://webdriveruniversity.com/__cypress/runner/cypress_runner.js:121050:17)\n    at wrapped (https://webdriveruniversity.com/__cypress/runner/cypress_runner.js:138013:43)\nFrom Your Spec Code:\n    at Context.eval (webpack://cypressproject/./cypress/e2e/other/sameorigin.js:13:11)",
                "diff": null
              },
              "uuid": "d6819a52-52ee-4bbd-9147-63611bd76d64",
              "parentUUID": "cdce0297-d151-429a-9dfc-321bba52eeef",
              "isHook": false,
              "skipped": false
            }
          ],
          "suites": [],
          "passes": [
            "045c5df5-888f-45ab-a036-7fbae160e194"
          ],
          "failures": [
            "d6819a52-52ee-4bbd-9147-63611bd76d64"
          ],
          "pending": [],
          "skipped": [],
          "duration": 1281,
          "root": false,
          "rootEmpty": false,
          "_timeout": 2000
        }
      ],
      "passes": [],
      "failures": [],
      "pending": [],
      "skipped": [],
      "duration": 0,
      "root": true,
      "rootEmpty": true,
      "_timeout": 2000
    },
    {
      "uuid": "673ee8b5-b948-4f33-9b50-23506ab9b3c6",
      "title": "",
      "fullFile": "cypress/e2e/automation-test-store/Inspect_Item.js",
      "file": "cypress/e2e/automation-test-store/Inspect_Item.js",
      "beforeHooks": [],
      "afterHooks": [],
      "tests": [],
      "suites": [
        {
          "uuid": "dbec4e61-f7af-46b1-9026-52ed9367844f",
          "title": "Inspect automation test store items on home page using chainn  of commands",
          "fullFile": "",
          "file": "",
          "beforeHooks": [],
          "afterHooks": [],
          "tests": [
            {
              "title": "click on first item using header",
              "fullTitle": "Inspect automation test store items on home page using chainn  of commands click on first item using header",
              "timedOut": null,
              "duration": 5228,
              "state": "passed",
              "speed": "medium",
              "pass": true,
              "fail": false,
              "pending": false,
              "context": null,
              "code": "cy.visit(\"https://automationteststore.com/\");\ncy.get('#block_frame_featured_1769 > .thumbnails > :nth-child(1) > .fixed_wrapper > .fixed > .prdocutname').click();\ncy.log(\"cypress log\");",
              "err": {},
              "uuid": "96e68487-efb0-4414-b742-6389647cbd66",
              "parentUUID": "dbec4e61-f7af-46b1-9026-52ed9367844f",
              "isHook": false,
              "skipped": false
            }
          ],
          "suites": [],
          "passes": [
            "96e68487-efb0-4414-b742-6389647cbd66"
          ],
          "failures": [],
          "pending": [],
          "skipped": [],
          "duration": 5228,
          "root": false,
          "rootEmpty": false,
          "_timeout": 2000
        }
      ],
      "passes": [],
      "failures": [],
      "pending": [],
      "skipped": [],
      "duration": 0,
      "root": true,
      "rootEmpty": true,
      "_timeout": 2000
    },
    {
      "uuid": "b0f9396b-43f1-4561-92b8-1586827f4491",
      "title": "",
      "fullFile": "cypress/e2e/automation-test-store/Iterate_Elements.js",
      "file": "cypress/e2e/automation-test-store/Iterate_Elements.js",
      "beforeHooks": [],
      "afterHooks": [],
      "tests": [],
      "suites": [
        {
          "uuid": "5c65e699-9ddb-4e89-9286-82f3b9e27a00",
          "title": "Iterate over elements",
          "fullFile": "",
          "file": "",
          "beforeHooks": [],
          "afterHooks": [],
          "tests": [
            {
              "title": "Log information of ll haircare products",
              "fullTitle": "Iterate over elements Log information of ll haircare products",
              "timedOut": null,
              "duration": 3759,
              "state": "passed",
              "speed": "fast",
              "pass": true,
              "fail": false,
              "pending": false,
              "context": null,
              "code": "cy.get('.fixed_wrapper .prdocutname').each(($el, index, $list) => {\n  cy.log($el.text());\n});",
              "err": {},
              "uuid": "4cb5550b-83fd-4b1a-84df-2689bc4909aa",
              "parentUUID": "5c65e699-9ddb-4e89-9286-82f3b9e27a00",
              "isHook": false,
              "skipped": false
            },
            {
              "title": "Add specific product to cart",
              "fullTitle": "Iterate over elements Add specific product to cart",
              "timedOut": null,
              "duration": 2573,
              "state": "passed",
              "speed": "fast",
              "pass": true,
              "fail": false,
              "pending": false,
              "context": null,
              "code": "// cy.get('.fixed_wrapper .prdocutname').each(($el, index, $list)=>{\n//     if($el.text().includes('Seaweed Conditioner')){\n//         cy.wrap($el).click();\n//     }\n// });\n//using custom commands\ncy.selectProduct('Seaweed Conditioner');",
              "err": {},
              "uuid": "6af776b4-ac46-4603-8376-2e7af1b447dd",
              "parentUUID": "5c65e699-9ddb-4e89-9286-82f3b9e27a00",
              "isHook": false,
              "skipped": false
            },
            {
              "title": "Add specific product to cart",
              "fullTitle": "Iterate over elements Add specific product to cart",
              "timedOut": null,
              "duration": 2366,
              "state": "passed",
              "speed": "fast",
              "pass": true,
              "fail": false,
              "pending": false,
              "context": null,
              "code": "//using custom commands\ncy.selectProduct('Curls to straight Shampoo');",
              "err": {},
              "uuid": "fcb2e149-34f4-44e3-a286-5ab9c7422867",
              "parentUUID": "5c65e699-9ddb-4e89-9286-82f3b9e27a00",
              "isHook": false,
              "skipped": false
            }
          ],
          "suites": [],
          "passes": [
            "4cb5550b-83fd-4b1a-84df-2689bc4909aa",
            "6af776b4-ac46-4603-8376-2e7af1b447dd",
            "fcb2e149-34f4-44e3-a286-5ab9c7422867"
          ],
          "failures": [],
          "pending": [],
          "skipped": [],
          "duration": 8698,
          "root": false,
          "rootEmpty": false,
          "_timeout": 2000
        }
      ],
      "passes": [],
      "failures": [],
      "pending": [],
      "skipped": [],
      "duration": 0,
      "root": true,
      "rootEmpty": true,
      "_timeout": 2000
    },
    {
      "uuid": "6100994d-cb49-4e45-bc53-e50626db2226",
      "title": "",
      "fullFile": "cypress/e2e/automation-test-store/add-multiple-items.js",
      "file": "cypress/e2e/automation-test-store/add-multiple-items.js",
      "beforeHooks": [],
      "afterHooks": [],
      "tests": [],
      "suites": [
        {
          "uuid": "01923bf4-8927-4f84-a8ff-db94f8c2ae06",
          "title": "Add multiple items to basket",
          "fullFile": "",
          "file": "",
          "beforeHooks": [],
          "afterHooks": [],
          "tests": [
            {
              "title": "Add specific items to basket",
              "fullTitle": "Add multiple items to basket Add specific items to basket",
              "timedOut": null,
              "duration": 5848,
              "state": "passed",
              "speed": "medium",
              "pass": true,
              "fail": false,
              "pending": false,
              "context": null,
              "code": "autostore_Haircare.addHairCareProductstoBasket();",
              "err": {},
              "uuid": "8805974c-dfdb-4243-84d7-7af0707b391a",
              "parentUUID": "01923bf4-8927-4f84-a8ff-db94f8c2ae06",
              "isHook": false,
              "skipped": false
            }
          ],
          "suites": [],
          "passes": [
            "8805974c-dfdb-4243-84d7-7af0707b391a"
          ],
          "failures": [],
          "pending": [],
          "skipped": [],
          "duration": 5848,
          "root": false,
          "rootEmpty": false,
          "_timeout": 2000
        }
      ],
      "passes": [],
      "failures": [],
      "pending": [],
      "skipped": [],
      "duration": 0,
      "root": true,
      "rootEmpty": true,
      "_timeout": 2000
    },
    {
      "uuid": "55c4089b-f97f-4d52-adcb-d66376779c71",
      "title": "",
      "fullFile": "cypress/e2e/automation-test-store/alias-advanced.js",
      "file": "cypress/e2e/automation-test-store/alias-advanced.js",
      "beforeHooks": [],
      "afterHooks": [],
      "tests": [],
      "suites": [
        {
          "uuid": "f7c3fe30-73a6-4761-943a-760b1cbc61c9",
          "title": "Alias and invoke",
          "fullFile": "",
          "file": "",
          "beforeHooks": [],
          "afterHooks": [],
          "tests": [
            {
              "title": "Calculate total of normal and sale products",
              "fullTitle": "Alias and invoke Calculate total of normal and sale products",
              "timedOut": null,
              "duration": 4229,
              "state": "passed",
              "speed": "fast",
              "pass": true,
              "fail": false,
              "pending": false,
              "context": null,
              "code": "cy.visit(\"https://automationteststore.com\");\ncy.get(\".thumbnail\").as(\"productThumbnail\");\nlet itemsTotal = 0;\ncy.get(\".thumbnail\").find(\".oneprice\").invoke(\"text\").as(\"non-sale-items\");\ncy.get(\".thumbnail\").find(\".pricenew\").invoke(\"text\").as(\"sale-items\");\ncy.get(\"@non-sale-items\").then($linktext => {\n  let nonsaleTotal = 0;\n  let itemPrice = $linktext.split(\"$\");\n  itemPrice.forEach(item => {\n    const price = parseFloat(item.trim());\n    if (!isNaN(price)) {\n      nonsaleTotal += price;\n    }\n  });\n  itemsTotal += nonsaleTotal;\n  cy.log(\"non sale items total \" + nonsaleTotal);\n});\ncy.get(\"@sale-items\").then($linktext => {\n  let saleItems = 0;\n  let itemPrice = $linktext.split(\"$\");\n  itemPrice.forEach(item => {\n    const price = parseFloat(item.trim());\n    cy.log(price);\n    if (!isNaN(price)) {\n      saleItems += price;\n    }\n  });\n  itemsTotal += saleItems;\n  cy.log(\"sale items total \" + saleItems);\n}).then(() => {\n  cy.log(\"Total of both sale and non sale items \" + itemsTotal);\n  expect(itemsTotal).to.equal(648.5);\n});",
              "err": {},
              "uuid": "6bb3a872-6111-4492-9645-174cdbe97204",
              "parentUUID": "f7c3fe30-73a6-4761-943a-760b1cbc61c9",
              "isHook": false,
              "skipped": false
            }
          ],
          "suites": [],
          "passes": [
            "6bb3a872-6111-4492-9645-174cdbe97204"
          ],
          "failures": [],
          "pending": [],
          "skipped": [],
          "duration": 4229,
          "root": false,
          "rootEmpty": false,
          "_timeout": 2000
        }
      ],
      "passes": [],
      "failures": [],
      "pending": [],
      "skipped": [],
      "duration": 0,
      "root": true,
      "rootEmpty": true,
      "_timeout": 2000
    },
    {
      "uuid": "baa41ed1-197b-48e4-9500-fb4821d62464",
      "title": "",
      "fullFile": "cypress/e2e/automation-test-store/contact_us_store.js",
      "file": "cypress/e2e/automation-test-store/contact_us_store.js",
      "beforeHooks": [],
      "afterHooks": [],
      "tests": [],
      "suites": [
        {
          "uuid": "9c294048-9578-481d-9a89-91008d01d16a",
          "title": "Test Contact us form via Automation Test store",
          "fullFile": "",
          "file": "",
          "beforeHooks": [],
          "afterHooks": [],
          "tests": [
            {
              "title": "Should be able to submit a successfull submission via contact us form",
              "fullTitle": "Test Contact us form via Automation Test store Should be able to submit a successfull submission via contact us form",
              "timedOut": null,
              "duration": 6892,
              "state": "passed",
              "speed": "medium",
              "pass": true,
              "fail": false,
              "pending": false,
              "context": null,
              "code": "cy.visit(\"https://automationteststore.com/\");\ncy.get(\"a[href$='contact']\").click().then(text => console.log(text.text()));\n//cy.xpath(\"//a[contains(@href,'contact')]\").click();\n//cy.xpath(\"//input[@id='ContactUsFrm_first_name']\").type(\"Joe\");\ncy.get('#ContactUsFrm_first_name').type(\"Joe\");\ncy.get('#ContactUsFrm_email').type(\"joe@gmail.com\");\ncy.get('#ContactUsFrm_email').should('have.attr', 'name', 'email');\ncy.get('#ContactUsFrm_enquiry').type(\"do you provide additional discounts \");\ncy.get('button[title=\"Submit\"]').click();\ncy.get('.mb40 > :nth-child(3)').should('have.text', \"Your enquiry has been successfully sent to the store owner!\");",
              "err": {},
              "uuid": "eb84c090-c7f1-403b-ae87-aa3b4a462ca1",
              "parentUUID": "9c294048-9578-481d-9a89-91008d01d16a",
              "isHook": false,
              "skipped": false
            }
          ],
          "suites": [],
          "passes": [
            "eb84c090-c7f1-403b-ae87-aa3b4a462ca1"
          ],
          "failures": [],
          "pending": [],
          "skipped": [],
          "duration": 6892,
          "root": false,
          "rootEmpty": false,
          "_timeout": 2000
        }
      ],
      "passes": [],
      "failures": [],
      "pending": [],
      "skipped": [],
      "duration": 0,
      "root": true,
      "rootEmpty": true,
      "_timeout": 2000
    },
    {
      "uuid": "d295d5a6-35bd-418d-9e48-c83771d1cc73",
      "title": "",
      "fullFile": "cypress/e2e/automation-test-store/multipleTabs.js",
      "file": "cypress/e2e/automation-test-store/multipleTabs.js",
      "beforeHooks": [],
      "afterHooks": [],
      "tests": [],
      "suites": [
        {
          "uuid": "adab8679-ef52-4e34-87ba-6cf51b44bb3a",
          "title": "manage multiple tabs by jquery workaround",
          "fullFile": "",
          "file": "",
          "beforeHooks": [],
          "afterHooks": [],
          "tests": [
            {
              "title": "open contact us page",
              "fullTitle": "manage multiple tabs by jquery workaround open contact us page",
              "timedOut": null,
              "duration": 884,
              "state": "passed",
              "speed": "fast",
              "pass": true,
              "fail": false,
              "pending": false,
              "context": null,
              "code": "cy.visit(\"https://webdriveruniversity.com\");\ncy.get('#contact-us').invoke('remove', 'target').click({\n  force: true\n});",
              "err": {},
              "uuid": "95e3937e-d387-4b7e-bdfd-65212d9371e7",
              "parentUUID": "adab8679-ef52-4e34-87ba-6cf51b44bb3a",
              "isHook": false,
              "skipped": false
            }
          ],
          "suites": [],
          "passes": [
            "95e3937e-d387-4b7e-bdfd-65212d9371e7"
          ],
          "failures": [],
          "pending": [],
          "skipped": [],
          "duration": 884,
          "root": false,
          "rootEmpty": false,
          "_timeout": 2000
        }
      ],
      "passes": [],
      "failures": [],
      "pending": [],
      "skipped": [],
      "duration": 0,
      "root": true,
      "rootEmpty": true,
      "_timeout": 2000
    }
  ],
  "meta": {
    "mocha": {
      "version": "7.0.1"
    },
    "mochawesome": {
      "options": {
        "quiet": false,
        "reportFilename": "mochawesome",
        "saveHtml": false,
        "saveJson": true,
        "consoleReporter": "spec",
        "useInlineDiffs": false,
        "code": true
      },
      "version": "7.1.3"
    },
    "marge": {
      "options": {
        "id": "default",
        "reportDir": "cypress/results/mochawesome",
        "quite": true,
        "overwrite": false,
        "html": false,
        "json": true
      },
      "version": "6.2.0"
    }
  }
}